2019-04-02 19:14:04,805 INFO  [main] com.hello.Helloworld.HelloWorldApplication : Starting HelloWorldApplication on DIN16000978 with PID 20240 (C:\Users\shuraut\Downloads\Hello-world\bin\main started by shuraut in C:\Users\shuraut\Downloads\Hello-world)
2019-04-02 19:14:04,874 INFO  [main] com.hello.Helloworld.HelloWorldApplication : No active profile set, falling back to default profiles: default
2019-04-02 19:14:07,264 INFO  [main] org.springframework.boot.web.embedded.tomcat.TomcatWebServer : Tomcat initialized with port(s): 8080 (http)
2019-04-02 19:14:07,348 INFO  [main] org.apache.catalina.core.StandardService : Starting service [Tomcat]
2019-04-02 19:14:07,364 INFO  [main] org.apache.catalina.core.StandardEngine : Starting Servlet engine: [Apache Tomcat/9.0.16]
2019-04-02 19:14:07,380 INFO  [main] org.apache.catalina.core.AprLifecycleListener : The APR based Apache Tomcat Native library which allows optimal performance in production environments was not found on the java.library.path: [C:\Program Files\Java\jre1.8.0_181\bin;C:\WINDOWS\Sun\Java\bin;C:\WINDOWS\system32;C:\WINDOWS;C:\WINDOWS\system32;C:\WINDOWS;C:\WINDOWS\System32\Wbem;C:\WINDOWS\System32\WindowsPowerShell\v1.0\;C:\Program Files (x86)\QuickTime\QTSystem\;C:\Program Files\CapgeminiScripts\Support Tools\;C:\Program Files\Git\cmd;"C:\Tools\zookeeper-3.4.12;\bin;";C:\Program Files\nodejs\;C:\Users\shuraut\AppData\Local\Microsoft\WindowsApps;;.]
2019-04-02 19:14:07,549 INFO  [main] org.apache.catalina.core.ContainerBase.[Tomcat].[localhost].[/] : Initializing Spring embedded WebApplicationContext
2019-04-02 19:14:07,981 INFO  [main] org.springframework.scheduling.concurrent.ThreadPoolTaskExecutor : Initializing ExecutorService 'applicationTaskExecutor'
2019-04-02 19:14:08,339 INFO  [main] org.springframework.boot.web.embedded.tomcat.TomcatWebServer : Tomcat started on port(s): 8080 (http) with context path ''
2019-04-02 19:14:08,344 INFO  [main] com.hello.Helloworld.HelloWorldApplication : Started HelloWorldApplication in 4.254 seconds (JVM running for 5.526)
2019-04-02 19:17:07,108 INFO  [http-nio-8080-exec-1] org.apache.catalina.core.ContainerBase.[Tomcat].[localhost].[/] : Initializing Spring DispatcherServlet 'dispatcherServlet'
2019-04-02 19:17:19,372 INFO  [http-nio-8080-exec-3] com.hello.Helloworld.service.EmployeeService : Inside addNewEmployee method
2019-04-02 19:19:59,482 INFO  [RMI TCP Connection(16)-127.0.0.1] org.springframework.boot.admin.SpringApplicationAdminMXBeanRegistrar$SpringApplicationAdmin : Application shutdown requested.
2019-04-02 19:19:59,487 INFO  [RMI TCP Connection(16)-127.0.0.1] org.springframework.scheduling.concurrent.ThreadPoolTaskExecutor : Shutting down ExecutorService 'applicationTaskExecutor'
2019-04-02 19:20:05,564 INFO  [main] com.hello.Helloworld.HelloWorldApplication : Starting HelloWorldApplication on DIN16000978 with PID 17600 (C:\Users\shuraut\Downloads\Hello-world\bin\main started by shuraut in C:\Users\shuraut\Downloads\Hello-world)
2019-04-02 19:20:05,564 INFO  [main] com.hello.Helloworld.HelloWorldApplication : No active profile set, falling back to default profiles: default
2019-04-02 19:20:06,656 INFO  [main] org.springframework.boot.web.embedded.tomcat.TomcatWebServer : Tomcat initialized with port(s): 8080 (http)
2019-04-02 19:20:06,694 INFO  [main] org.apache.catalina.core.StandardService : Starting service [Tomcat]
2019-04-02 19:20:06,694 INFO  [main] org.apache.catalina.core.StandardEngine : Starting Servlet engine: [Apache Tomcat/9.0.16]
2019-04-02 19:20:06,694 INFO  [main] org.apache.catalina.core.AprLifecycleListener : The APR based Apache Tomcat Native library which allows optimal performance in production environments was not found on the java.library.path: [C:\Program Files\Java\jre1.8.0_181\bin;C:\WINDOWS\Sun\Java\bin;C:\WINDOWS\system32;C:\WINDOWS;C:\WINDOWS\system32;C:\WINDOWS;C:\WINDOWS\System32\Wbem;C:\WINDOWS\System32\WindowsPowerShell\v1.0\;C:\Program Files (x86)\QuickTime\QTSystem\;C:\Program Files\CapgeminiScripts\Support Tools\;C:\Program Files\Git\cmd;"C:\Tools\zookeeper-3.4.12;\bin;";C:\Program Files\nodejs\;C:\Users\shuraut\AppData\Local\Microsoft\WindowsApps;;.]
2019-04-02 19:20:06,894 INFO  [main] org.apache.catalina.core.ContainerBase.[Tomcat].[localhost].[/] : Initializing Spring embedded WebApplicationContext
2019-04-02 19:20:07,126 INFO  [main] org.springframework.scheduling.concurrent.ThreadPoolTaskExecutor : Initializing ExecutorService 'applicationTaskExecutor'
2019-04-02 19:20:07,310 INFO  [main] org.springframework.boot.web.embedded.tomcat.TomcatWebServer : Tomcat started on port(s): 8080 (http) with context path ''
2019-04-02 19:20:07,326 INFO  [main] com.hello.Helloworld.HelloWorldApplication : Started HelloWorldApplication in 2.336 seconds (JVM running for 3.575)
2019-04-02 19:21:49,964 INFO  [http-nio-8080-exec-1] org.apache.catalina.core.ContainerBase.[Tomcat].[localhost].[/] : Initializing Spring DispatcherServlet 'dispatcherServlet'
2019-04-02 19:21:50,064 INFO  [http-nio-8080-exec-1] com.hello.Helloworld.service.EmployeeService : Inside addNewEmployee method
2019-04-02 19:21:50,064 INFO  [http-nio-8080-exec-1] com.hello.Helloworld.service.EmployeeService : Employee Employee [employeeId=1, employeeName=Poonam, department=cloud] added
2019-04-02 19:28:11,340 INFO  [RMI TCP Connection(15)-127.0.0.1] org.springframework.boot.admin.SpringApplicationAdminMXBeanRegistrar$SpringApplicationAdmin : Application shutdown requested.
2019-04-02 19:28:11,354 INFO  [RMI TCP Connection(15)-127.0.0.1] org.springframework.scheduling.concurrent.ThreadPoolTaskExecutor : Shutting down ExecutorService 'applicationTaskExecutor'
2019-04-02 19:28:17,270 INFO  [main] com.hello.Helloworld.HelloWorldApplication : Starting HelloWorldApplication on DIN16000978 with PID 12816 (C:\Users\shuraut\Downloads\Hello-world\bin\main started by shuraut in C:\Users\shuraut\Downloads\Hello-world)
2019-04-02 19:28:17,270 DEBUG [main] com.hello.Helloworld.HelloWorldApplication : Running with Spring Boot v2.1.3.RELEASE, Spring v5.1.5.RELEASE
2019-04-02 19:28:17,277 INFO  [main] com.hello.Helloworld.HelloWorldApplication : No active profile set, falling back to default profiles: default
2019-04-02 19:28:18,411 INFO  [main] org.springframework.boot.web.embedded.tomcat.TomcatWebServer : Tomcat initialized with port(s): 8080 (http)
2019-04-02 19:28:18,435 INFO  [main] org.apache.catalina.core.StandardService : Starting service [Tomcat]
2019-04-02 19:28:18,435 INFO  [main] org.apache.catalina.core.StandardEngine : Starting Servlet engine: [Apache Tomcat/9.0.16]
2019-04-02 19:28:18,451 INFO  [main] org.apache.catalina.core.AprLifecycleListener : The APR based Apache Tomcat Native library which allows optimal performance in production environments was not found on the java.library.path: [C:\Program Files\Java\jre1.8.0_181\bin;C:\WINDOWS\Sun\Java\bin;C:\WINDOWS\system32;C:\WINDOWS;C:\WINDOWS\system32;C:\WINDOWS;C:\WINDOWS\System32\Wbem;C:\WINDOWS\System32\WindowsPowerShell\v1.0\;C:\Program Files (x86)\QuickTime\QTSystem\;C:\Program Files\CapgeminiScripts\Support Tools\;C:\Program Files\Git\cmd;"C:\Tools\zookeeper-3.4.12;\bin;";C:\Program Files\nodejs\;C:\Users\shuraut\AppData\Local\Microsoft\WindowsApps;;.]
2019-04-02 19:28:18,595 INFO  [main] org.apache.catalina.core.ContainerBase.[Tomcat].[localhost].[/] : Initializing Spring embedded WebApplicationContext
2019-04-02 19:28:18,811 INFO  [main] org.springframework.scheduling.concurrent.ThreadPoolTaskExecutor : Initializing ExecutorService 'applicationTaskExecutor'
2019-04-02 19:28:19,012 INFO  [main] org.springframework.boot.web.embedded.tomcat.TomcatWebServer : Tomcat started on port(s): 8080 (http) with context path ''
2019-04-02 19:28:19,012 INFO  [main] com.hello.Helloworld.HelloWorldApplication : Started HelloWorldApplication in 2.29 seconds (JVM running for 3.578)
2019-04-02 19:48:38,622 INFO  [RMI TCP Connection(29)-127.0.0.1] org.springframework.boot.admin.SpringApplicationAdminMXBeanRegistrar$SpringApplicationAdmin : Application shutdown requested.
2019-04-02 19:48:38,629 INFO  [RMI TCP Connection(29)-127.0.0.1] org.springframework.scheduling.concurrent.ThreadPoolTaskExecutor : Shutting down ExecutorService 'applicationTaskExecutor'
